{
    "critiques": {
        "680": {
            "rubric_items": {
                "5510": {
                    "observation": "Not all of the tests passed.\n\n```\n************************************************************************\n                         Test Failure Feedback                          \n************************************************************************\n\nFailed Test: 2. Test functionality of MinimaxPlayer.minimax()\n----------------------------------------------------------------------\nAssertionError: False is not true : Your MinimaxAgent.minimax function returned a move that was not one of the optimal moves for the given heurisitc. \nAvailable choices:\n[(6, 0)]\nYour Selection:\n(4, 0)\n\nTest Case Details:\n------------------\nHeuristic: center_distance\nDepth limit: 2\nInitial Board State:\n     0   1   2   3   4   5   6   7   8\n0  |   |   |   |   |   |   |   |   |   | \n1  |   |   |   |   | - |   |   |   |   | \n2  |   |   | - | - | - | - | - |   |   | \n3  |   | - | - | - | - | - | - |   |   | \n4  |   | - | - | - |   |   | - |   |   | \n5  |   |   | 1 | - | - | - | - |   |   | \n6  |   |   | - | - | - | 2 | - |   |   | \n7  |   |   |   |   | - | - |   |   |   | \n8  |   |   |   |   |   |   |   |   |   | \n\ngame._board_state:\n[0, 0, 0, 0, 0, 0, 0, 0, 0, 0, 0, 0, 1, 1, 0, 0, 0, 0, 0, 0, 1, 1, 1, 1, 1, 0, 0, 0, 0, 1, 1, 1, 1, 1, 0, 0, 0, 1, 1, 1, 0, 1, 1, 1, 0, 0, 0, 1, 1, 0, 1, 1, 1, 0, 0, 0, 1, 1, 1, 1, 1, 0, 0, 0, 0, 0, 0, 0, 0, 0, 0, 0, 0, 0, 0, 0, 0, 0, 0, 0, 0, 0, 51, 23]\n\n\n\nFailed Test: 12. Test output interface of custom_score_2()\n----------------------------------------------------------------------\nTraceback (most recent call last):\n  File \"/home/grader/isolation/workspace/game_agent.py\", line 70, in custom_score_2\n    raise NotImplementedError\nNotImplementedError\n\n\nFailed Test: 13. Test output interface of custom_score_3()\n----------------------------------------------------------------------\nTraceback (most recent call last):\n  File \"/home/grader/isolation/workspace/game_agent.py\", line 96, in custom_score_3\n    raise NotImplementedError\nNotImplementedError\n\n\n************************************************************************\n                          Test Result Summary                           \n************************************************************************\n\n1. Test output interface of MinimaxPlayer.minimax():                   .\n2. Test functionality of MinimaxPlayer.minimax():                      F\n3. Test that minimax() raises SearchTimeout when the timer expires:    .\n4. Test that MinimaxPlayer successfully plays a full game:             .\n5. Test interface of AlphaBetaPlayer.alphabeta():                      .\n6. Test the interface of AlphaBetaPlayer.get_move():                   .\n7. Test functionality of AlphaBetaPlayer.alphabeta():                  .\n8. Test that alphabeta() raises SearchTimeout when the timer expires:  .\n9. Test iterative deepening in AlphaBetaPlayer.get_move():             .\n10. Test that AlphaBetaPlayer successfully plays a full game:          .\n11. Test output interface of custom_score():                           .\n12. Test output interface of custom_score_2():                         E\n13. Test output interface of custom_score_3():                         E\n\n------------------------------------------------------------------------\n            . - Test Passed    F - Test Failed    E - Error             \n\n```",
                    "result": "failed"
                },
                "7303": {
                    "observation": "Not all of the tests passed.\n\n```\n************************************************************************\n                         Test Failure Feedback                          \n************************************************************************\n\nFailed Test: 14. Submission includes heuristic_analysis.pdf\n----------------------------------------------------------------------\nAssertionError: False is not true : You must submit a report named heuristic_analysis.pdf for review.\n\n\nFailed Test: 15. Submission includes research_review.pdf\n----------------------------------------------------------------------\nAssertionError: False is not true : You must submit a report named research_review.pdf for review.\n\n\n************************************************************************\n                          Test Result Summary                           \n************************************************************************\n\n14. Submission includes heuristic_analysis.pdf:                        F\n15. Submission includes research_review.pdf:                           F\n\n------------------------------------------------------------------------\n            . - Test Passed    F - Test Failed    E - Error             \n\n```",
                    "result": "failed"
                }
            }
        }
    }
}